# JRE version: Java(TM) SE Runtime Environment (8.0_45-b14) (build 1.8.0_45-b14)
# Java VM: Java HotSpot(TM) 64-Bit Server VM (25.45-b02 mixed mode linux-amd64 compressed oops)
Heap:
 PSYoungGen      total 65024K, used 34987K [0x00000000d9c00000, 0x00000000e2400000, 0x0000000100000000)
  eden space 60416K, 57% used [0x00000000d9c00000,0x00000000dbe2acb8,0x00000000dd700000)
  from space 4608K, 0% used [0x00000000dd700000,0x00000000dd700000,0x00000000ddb80000)
  to   space 9216K, 0% used [0x00000000e1b00000,0x00000000e1b00000,0x00000000e2400000)
 ParOldGen       total 59904K, used 10505K [0x000000008d400000, 0x0000000090e80000, 0x00000000d9c00000)
  object space 59904K, 17% used [0x000000008d400000,0x000000008de425b0,0x0000000090e80000)
 Metaspace       used 24457K, capacity 25352K, committed 25472K, reserved 1071104K
  class space    used 3158K, capacity 3366K, committed 3456K, reserved 1048576K
GC Heap History (10 events):
Event: 1.005 GC heap before
{Heap before GC invocations=2 (full 0):
 PSYoungGen      total 34816K, used 34788K [0x00000000d9c00000, 0x00000000dc280000, 0x0000000100000000)
  eden space 30208K, 100% used [0x00000000d9c00000,0x00000000db980000,0x00000000db980000)
  from space 4608K, 99% used [0x00000000db980000,0x00000000dbdf90a8,0x00000000dbe00000)
  to   space 4608K, 0% used [0x00000000dbe00000,0x00000000dbe00000,0x00000000dc280000)
 ParOldGen       total 79360K, used 32K [0x000000008d400000, 0x0000000092180000, 0x00000000d9c00000)
  object space 79360K, 0% used [0x000000008d400000,0x000000008d4083c0,0x0000000092180000)
 Metaspace       used 14166K, capacity 14580K, committed 14848K, reserved 1062912K
  class space    used 1797K, capacity 1932K, committed 2048K, reserved 1048576K
Event: 1.011 GC heap after
Heap after GC invocations=2 (full 0):
 PSYoungGen      total 34816K, used 4602K [0x00000000d9c00000, 0x00000000de000000, 0x0000000100000000)
  eden space 30208K, 0% used [0x00000000d9c00000,0x00000000d9c00000,0x00000000db980000)
  from space 4608K, 99% used [0x00000000dbe00000,0x00000000dc27e8b0,0x00000000dc280000)
  to   space 4608K, 0% used [0x00000000db980000,0x00000000db980000,0x00000000dbe00000)
 ParOldGen       total 79360K, used 4091K [0x000000008d400000, 0x0000000092180000, 0x00000000d9c00000)
  object space 79360K, 5% used [0x000000008d400000,0x000000008d7fee08,0x0000000092180000)
 Metaspace       used 14166K, capacity 14580K, committed 14848K, reserved 1062912K
  class space    used 1797K, capacity 1932K, committed 2048K, reserved 1048576K
}
Event: 1.303 GC heap before
{Heap before GC invocations=3 (full 0):
 PSYoungGen      total 34816K, used 34810K [0x00000000d9c00000, 0x00000000de000000, 0x0000000100000000)
  eden space 30208K, 100% used [0x00000000d9c00000,0x00000000db980000,0x00000000db980000)
  from space 4608K, 99% used [0x00000000dbe00000,0x00000000dc27e8b0,0x00000000dc280000)
  to   space 4608K, 0% used [0x00000000db980000,0x00000000db980000,0x00000000dbe00000)
 ParOldGen       total 79360K, used 4091K [0x000000008d400000, 0x0000000092180000, 0x00000000d9c00000)
  object space 79360K, 5% used [0x000000008d400000,0x000000008d7fee08,0x0000000092180000)
 Metaspace       used 17248K, capacity 17726K, committed 18048K, reserved 1064960K
  class space    used 2219K, capacity 2351K, committed 2432K, reserved 1048576K
Event: 1.314 GC heap after
Heap after GC invocations=3 (full 0):
 PSYoungGen      total 34816K, used 4588K [0x00000000d9c00000, 0x00000000de000000, 0x0000000100000000)
  eden space 30208K, 0% used [0x00000000d9c00000,0x00000000d9c00000,0x00000000db980000)
  from space 4608K, 99% used [0x00000000db980000,0x00000000dbdfb2a8,0x00000000dbe00000)
  to   space 4608K, 0% used [0x00000000ddb80000,0x00000000ddb80000,0x00000000de000000)
 ParOldGen       total 79360K, used 7230K [0x000000008d400000, 0x0000000092180000, 0x00000000d9c00000)
  object space 79360K, 9% used [0x000000008d400000,0x000000008db0fba8,0x0000000092180000)
 Metaspace       used 17248K, capacity 17726K, committed 18048K, reserved 1064960K
  class space    used 2219K, capacity 2351K, committed 2432K, reserved 1048576K
}
Event: 1.588 GC heap before
{Heap before GC invocations=4 (full 0):
 PSYoungGen      total 34816K, used 34796K [0x00000000d9c00000, 0x00000000de000000, 0x0000000100000000)
  eden space 30208K, 100% used [0x00000000d9c00000,0x00000000db980000,0x00000000db980000)
  from space 4608K, 99% used [0x00000000db980000,0x00000000dbdfb2a8,0x00000000dbe00000)
  to   space 4608K, 0% used [0x00000000ddb80000,0x00000000ddb80000,0x00000000de000000)
 ParOldGen       total 79360K, used 7230K [0x000000008d400000, 0x0000000092180000, 0x00000000d9c00000)
  object space 79360K, 9% used [0x000000008d400000,0x000000008db0fba8,0x0000000092180000)
 Metaspace       used 19278K, capacity 20032K, committed 20096K, reserved 1067008K
  class space    used 2481K, capacity 2644K, committed 2688K, reserved 1048576K
Event: 1.596 GC heap after
Heap after GC invocations=4 (full 0):
 PSYoungGen      total 65024K, used 4604K [0x00000000d9c00000, 0x00000000de000000, 0x0000000100000000)
  eden space 60416K, 0% used [0x00000000d9c00000,0x00000000d9c00000,0x00000000dd700000)
  from space 4608K, 99% used [0x00000000ddb80000,0x00000000ddfff298,0x00000000de000000)
  to   space 4608K, 0% used [0x00000000dd700000,0x00000000dd700000,0x00000000ddb80000)
 ParOldGen       total 79360K, used 9474K [0x000000008d400000, 0x0000000092180000, 0x00000000d9c00000)
  object space 79360K, 11% used [0x000000008d400000,0x000000008dd40b98,0x0000000092180000)
 Metaspace       used 19278K, capacity 20032K, committed 20096K, reserved 1067008K
  class space    used 2481K, capacity 2644K, committed 2688K, reserved 1048576K
}
Event: 1.795 GC heap before
{Heap before GC invocations=5 (full 0):
 PSYoungGen      total 65024K, used 24113K [0x00000000d9c00000, 0x00000000de000000, 0x0000000100000000)
  eden space 60416K, 32% used [0x00000000d9c00000,0x00000000daf0d498,0x00000000dd700000)
  from space 4608K, 99% used [0x00000000ddb80000,0x00000000ddfff298,0x00000000de000000)
  to   space 4608K, 0% used [0x00000000dd700000,0x00000000dd700000,0x00000000ddb80000)
 ParOldGen       total 79360K, used 9474K [0x000000008d400000, 0x0000000092180000, 0x00000000d9c00000)
  object space 79360K, 11% used [0x000000008d400000,0x000000008dd40b98,0x0000000092180000)
 Metaspace       used 20436K, capacity 21178K, committed 21248K, reserved 1067008K
  class space    used 2614K, capacity 2793K, committed 2816K, reserved 1048576K
Event: 1.802 GC heap after
Heap after GC invocations=5 (full 0):
 PSYoungGen      total 65024K, used 4588K [0x00000000d9c00000, 0x00000000e2400000, 0x0000000100000000)
  eden space 60416K, 0% used [0x00000000d9c00000,0x00000000d9c00000,0x00000000dd700000)
  from space 4608K, 99% used [0x00000000dd700000,0x00000000ddb7b058,0x00000000ddb80000)
  to   space 9216K, 0% used [0x00000000e1b00000,0x00000000e1b00000,0x00000000e2400000)
 ParOldGen       total 79360K, used 11333K [0x000000008d400000, 0x0000000092180000, 0x00000000d9c00000)
  object space 79360K, 14% used [0x000000008d400000,0x000000008df11698,0x0000000092180000)
 Metaspace       used 20436K, capacity 21178K, committed 21248K, reserved 1067008K
  class space    used 2614K, capacity 2793K, committed 2816K, reserved 1048576K
}
Event: 1.802 GC heap before
{Heap before GC invocations=6 (full 1):
 PSYoungGen      total 65024K, used 4588K [0x00000000d9c00000, 0x00000000e2400000, 0x0000000100000000)
  eden space 60416K, 0% used [0x00000000d9c00000,0x00000000d9c00000,0x00000000dd700000)
  from space 4608K, 99% used [0x00000000dd700000,0x00000000ddb7b058,0x00000000ddb80000)
  to   space 9216K, 0% used [0x00000000e1b00000,0x00000000e1b00000,0x00000000e2400000)
 ParOldGen       total 79360K, used 11333K [0x000000008d400000, 0x0000000092180000, 0x00000000d9c00000)
  object space 79360K, 14% used [0x000000008d400000,0x000000008df11698,0x0000000092180000)
 Metaspace       used 20436K, capacity 21178K, committed 21248K, reserved 1067008K
  class space    used 2614K, capacity 2793K, committed 2816K, reserved 1048576K
Event: 1.842 GC heap after
Heap after GC invocations=6 (full 1):
 PSYoungGen      total 65024K, used 0K [0x00000000d9c00000, 0x00000000e2400000, 0x0000000100000000)
  eden space 60416K, 0% used [0x00000000d9c00000,0x00000000d9c00000,0x00000000dd700000)
  from space 4608K, 0% used [0x00000000dd700000,0x00000000dd700000,0x00000000ddb80000)
  to   space 9216K, 0% used [0x00000000e1b00000,0x00000000e1b00000,0x00000000e2400000)
 ParOldGen       total 59904K, used 10505K [0x000000008d400000, 0x0000000090e80000, 0x00000000d9c00000)
  object space 59904K, 17% used [0x000000008d400000,0x000000008de425b0,0x0000000090e80000)
 Metaspace       used 20436K, capacity 21178K, committed 21248K, reserved 1067008K
  class space    used 2614K, capacity 2793K, committed 2816K, reserved 1048576K
}

